Jpush极光推送/build/outputs/logs/manifest-merger-debug-report.txt
-- Merging decision tree log ---
manifest
ADDED from Zoom/Jpush极光推送/AndroidManifest.xml:2:1-162:12
	package
		ADDED from Zoom/Jpush极光推送/AndroidManifest.xml:3:5-32
	android:versionName
		ADDED from Zoom/Jpush极光推送/AndroidManifest.xml:5:5-32
		INJECTED from Zoom/Jpush极光推送/AndroidManifest.xml
		INJECTED from Zoom/Jpush极光推送/AndroidManifest.xml
	android:versionCode
		ADDED from Zoom/Jpush极光推送/AndroidManifest.xml:4:5-30
		INJECTED from Zoom/Jpush极光推送/AndroidManifest.xml
		INJECTED from Zoom/Jpush极光推送/AndroidManifest.xml
	xmlns:android
		ADDED from Zoom/Jpush极光推送/AndroidManifest.xml:2:11-69
uses-sdk
ADDED from Zoom/Jpush极光推送/AndroidManifest.xml:7:5-73
	android:targetSdkVersion
		ADDED from Zoom/Jpush极光推送/AndroidManifest.xml:7:41-70
	android:minSdkVersion
		ADDED from Zoom/Jpush极光推送/AndroidManifest.xml:7:15-40
permission#com.example.jpush.permission.JPUSH_MESSAGE
ADDED from Zoom/Jpush极光推送/AndroidManifest.xml:10:5-12:47
	android:protectionLevel
		ADDED from Zoom/Jpush极光推送/AndroidManifest.xml:12:9-44
	android:name
		ADDED from Zoom/Jpush极光推送/AndroidManifest.xml:11:9-66
uses-permission#com.example.jpush.permission.JPUSH_MESSAGE
ADDED from Zoom/Jpush极光推送/AndroidManifest.xml:15:5-82
	android:name
		ADDED from Zoom/Jpush极光推送/AndroidManifest.xml:15:22-79
uses-permission#android.permission.RECEIVE_USER_PRESENT
ADDED from Zoom/Jpush极光推送/AndroidManifest.xml:16:5-79
	android:name
		ADDED from Zoom/Jpush极光推送/AndroidManifest.xml:16:22-76
uses-permission#android.permission.INTERNET
ADDED from Zoom/Jpush极光推送/AndroidManifest.xml:17:5-67
	android:name
		ADDED from Zoom/Jpush极光推送/AndroidManifest.xml:17:22-64
uses-permission#android.permission.WAKE_LOCK
ADDED from Zoom/Jpush极光推送/AndroidManifest.xml:18:5-68
	android:name
		ADDED from Zoom/Jpush极光推送/AndroidManifest.xml:18:22-65
uses-permission#android.permission.READ_PHONE_STATE
ADDED from Zoom/Jpush极光推送/AndroidManifest.xml:19:5-75
	android:name
		ADDED from Zoom/Jpush极光推送/AndroidManifest.xml:19:22-72
uses-permission#android.permission.WRITE_EXTERNAL_STORAGE
ADDED from Zoom/Jpush极光推送/AndroidManifest.xml:20:5-81
	android:name
		ADDED from Zoom/Jpush极光推送/AndroidManifest.xml:20:22-78
uses-permission#android.permission.READ_EXTERNAL_STORAGE
ADDED from Zoom/Jpush极光推送/AndroidManifest.xml:21:5-80
	android:name
		ADDED from Zoom/Jpush极光推送/AndroidManifest.xml:21:22-77
uses-permission#android.permission.WRITE_SETTINGS
ADDED from Zoom/Jpush极光推送/AndroidManifest.xml:22:5-73
	android:name
		ADDED from Zoom/Jpush极光推送/AndroidManifest.xml:22:22-70
uses-permission#android.permission.VIBRATE
ADDED from Zoom/Jpush极光推送/AndroidManifest.xml:23:5-66
	android:name
		ADDED from Zoom/Jpush极光推送/AndroidManifest.xml:23:22-63
uses-permission#android.permission.MOUNT_UNMOUNT_FILESYSTEMS
ADDED from Zoom/Jpush极光推送/AndroidManifest.xml:24:5-84
	android:name
		ADDED from Zoom/Jpush极光推送/AndroidManifest.xml:24:22-81
uses-permission#android.permission.ACCESS_NETWORK_STATE
ADDED from Zoom/Jpush极光推送/AndroidManifest.xml:25:5-79
	android:name
		ADDED from Zoom/Jpush极光推送/AndroidManifest.xml:25:22-76
uses-permission#android.permission.ACCESS_WIFI_STATE
ADDED from Zoom/Jpush极光推送/AndroidManifest.xml:26:5-76
	android:name
		ADDED from Zoom/Jpush极光推送/AndroidManifest.xml:26:22-73
uses-permission#android.permission.SYSTEM_ALERT_WINDOW
ADDED from Zoom/Jpush极光推送/AndroidManifest.xml:31:5-78
	android:name
		ADDED from Zoom/Jpush极光推送/AndroidManifest.xml:31:22-75
uses-permission#android.permission.ACCESS_COARSE_LOCATION
ADDED from Zoom/Jpush极光推送/AndroidManifest.xml:32:5-81
	android:name
		ADDED from Zoom/Jpush极光推送/AndroidManifest.xml:32:22-78
uses-permission#android.permission.CHANGE_WIFI_STATE
ADDED from Zoom/Jpush极光推送/AndroidManifest.xml:33:5-76
	android:name
		ADDED from Zoom/Jpush极光推送/AndroidManifest.xml:33:22-73
uses-permission#android.permission.ACCESS_FINE_LOCATION
ADDED from Zoom/Jpush极光推送/AndroidManifest.xml:34:5-79
	android:name
		ADDED from Zoom/Jpush极光推送/AndroidManifest.xml:34:22-76
uses-permission#android.permission.ACCESS_LOCATION_EXTRA_COMMANDS
ADDED from Zoom/Jpush极光推送/AndroidManifest.xml:35:5-89
	android:name
		ADDED from Zoom/Jpush极光推送/AndroidManifest.xml:35:22-86
uses-permission#android.permission.CHANGE_NETWORK_STATE
ADDED from Zoom/Jpush极光推送/AndroidManifest.xml:36:5-79
	android:name
		ADDED from Zoom/Jpush极光推送/AndroidManifest.xml:36:22-76
uses-permission#android.permission.GET_TASKS
ADDED from Zoom/Jpush极光推送/AndroidManifest.xml:37:5-68
	android:name
		ADDED from Zoom/Jpush极光推送/AndroidManifest.xml:37:22-65
application
ADDED from Zoom/Jpush极光推送/AndroidManifest.xml:39:5-161:19
	android:label
		ADDED from Zoom/Jpush极光推送/AndroidManifest.xml:42:9-41
	android:allowBackup
		ADDED from Zoom/Jpush极光推送/AndroidManifest.xml:41:9-36
	android:icon
		ADDED from Zoom/Jpush极光推送/AndroidManifest.xml:40:9-45
	android:name
		ADDED from Zoom/Jpush极光推送/AndroidManifest.xml:43:9-64
activity#com.example.jpushdemo.MainActivity
ADDED from Zoom/Jpush极光推送/AndroidManifest.xml:46:9-53:20
	android:label
		ADDED from Zoom/Jpush极光推送/AndroidManifest.xml:48:13-45
	android:name
		ADDED from Zoom/Jpush极光推送/AndroidManifest.xml:47:13-62
intent-filter#android.intent.action.MAIN+android.intent.category.LAUNCHER
ADDED from Zoom/Jpush极光推送/AndroidManifest.xml:49:13-52:29
action#android.intent.action.MAIN
ADDED from Zoom/Jpush极光推送/AndroidManifest.xml:50:17-69
	android:name
		ADDED from Zoom/Jpush极光推送/AndroidManifest.xml:50:25-66
category#android.intent.category.LAUNCHER
ADDED from Zoom/Jpush极光推送/AndroidManifest.xml:51:17-77
	android:name
		ADDED from Zoom/Jpush极光推送/AndroidManifest.xml:51:27-74
activity#com.example.jpushdemo.PushSetActivity
ADDED from Zoom/Jpush极光推送/AndroidManifest.xml:55:8-115
	android:label
		ADDED from Zoom/Jpush极光推送/AndroidManifest.xml:55:71-103
	android:name
		ADDED from Zoom/Jpush极光推送/AndroidManifest.xml:55:18-70
activity#com.example.jpushdemo.SettingActivity
ADDED from Zoom/Jpush极光推送/AndroidManifest.xml:57:8-115
	android:label
		ADDED from Zoom/Jpush极光推送/AndroidManifest.xml:57:71-103
	android:name
		ADDED from Zoom/Jpush极光推送/AndroidManifest.xml:57:18-70
activity#com.example.jpushdemo.TestActivity
ADDED from Zoom/Jpush极光推送/AndroidManifest.xml:59:9-64:20
	android:exported
		ADDED from Zoom/Jpush极光推送/AndroidManifest.xml:59:69-93
	android:name
		ADDED from Zoom/Jpush极光推送/AndroidManifest.xml:59:19-68
intent-filter#jpush.testAction+jpush.testCategory
ADDED from Zoom/Jpush极光推送/AndroidManifest.xml:60:13-63:29
action#jpush.testAction
ADDED from Zoom/Jpush极光推送/AndroidManifest.xml:61:17-59
	android:name
		ADDED from Zoom/Jpush极光推送/AndroidManifest.xml:61:25-56
category#jpush.testCategory
ADDED from Zoom/Jpush极光推送/AndroidManifest.xml:62:17-63
	android:name
		ADDED from Zoom/Jpush极光推送/AndroidManifest.xml:62:27-60
activity#cn.jpush.android.ui.PopWinActivity
ADDED from Zoom/Jpush极光推送/AndroidManifest.xml:67:9-71:20
	android:exported
		ADDED from Zoom/Jpush极光推送/AndroidManifest.xml:70:13-37
	android:theme
		ADDED from Zoom/Jpush极光推送/AndroidManifest.xml:69:13-49
	android:name
		ADDED from Zoom/Jpush极光推送/AndroidManifest.xml:68:13-62
activity#cn.jpush.android.ui.PushActivity
ADDED from Zoom/Jpush极光推送/AndroidManifest.xml:74:9-84:20
	android:exported
		ADDED from Zoom/Jpush极光推送/AndroidManifest.xml:78:13-37
	android:configChanges
		ADDED from Zoom/Jpush极光推送/AndroidManifest.xml:76:13-63
	android:theme
		ADDED from Zoom/Jpush极光推送/AndroidManifest.xml:77:13-60
	android:name
		ADDED from Zoom/Jpush极光推送/AndroidManifest.xml:75:13-60
intent-filter#android.intent.category.DEFAULT+cn.jpush.android.ui.PushActivity+com.example.jpush
ADDED from Zoom/Jpush极光推送/AndroidManifest.xml:79:13-83:29
action#cn.jpush.android.ui.PushActivity
ADDED from Zoom/Jpush极光推送/AndroidManifest.xml:80:17-75
	android:name
		ADDED from Zoom/Jpush极光推送/AndroidManifest.xml:80:25-72
category#android.intent.category.DEFAULT
ADDED from Zoom/Jpush极光推送/AndroidManifest.xml:81:17-76
	android:name
		ADDED from Zoom/Jpush极光推送/AndroidManifest.xml:81:27-73
category#com.example.jpush
ADDED from Zoom/Jpush极光推送/AndroidManifest.xml:82:17-62
	android:name
		ADDED from Zoom/Jpush极光推送/AndroidManifest.xml:82:27-59
service#cn.jpush.android.service.DownloadService
ADDED from Zoom/Jpush极光推送/AndroidManifest.xml:86:9-90:19
	android:enabled
		ADDED from Zoom/Jpush极光推送/AndroidManifest.xml:88:13-35
	android:exported
		ADDED from Zoom/Jpush极光推送/AndroidManifest.xml:89:13-37
	android:name
		ADDED from Zoom/Jpush极光推送/AndroidManifest.xml:87:13-68
service#cn.jpush.android.service.PushService
ADDED from Zoom/Jpush极光推送/AndroidManifest.xml:94:9-103:19
	android:process
		ADDED from Zoom/Jpush极光推送/AndroidManifest.xml:96:13-36
	android:name
		ADDED from Zoom/Jpush极光推送/AndroidManifest.xml:95:13-64
intent-filter#cn.jpush.android.intent.PUSH_TIME+cn.jpush.android.intent.PushService+cn.jpush.android.intent.REGISTER+cn.jpush.android.intent.REPORT
ADDED from Zoom/Jpush极光推送/AndroidManifest.xml:97:13-102:29
action#cn.jpush.android.intent.REGISTER
ADDED from Zoom/Jpush极光推送/AndroidManifest.xml:98:17-75
	android:name
		ADDED from Zoom/Jpush极光推送/AndroidManifest.xml:98:25-72
action#cn.jpush.android.intent.REPORT
ADDED from Zoom/Jpush极光推送/AndroidManifest.xml:99:17-73
	android:name
		ADDED from Zoom/Jpush极光推送/AndroidManifest.xml:99:25-70
action#cn.jpush.android.intent.PushService
ADDED from Zoom/Jpush极光推送/AndroidManifest.xml:100:17-78
	android:name
		ADDED from Zoom/Jpush极光推送/AndroidManifest.xml:100:25-75
action#cn.jpush.android.intent.PUSH_TIME
ADDED from Zoom/Jpush极光推送/AndroidManifest.xml:101:17-76
	android:name
		ADDED from Zoom/Jpush极光推送/AndroidManifest.xml:101:25-73
service#cn.jpush.android.service.DaemonService
ADDED from Zoom/Jpush极光推送/AndroidManifest.xml:107:9-116:19
	android:enabled
		ADDED from Zoom/Jpush极光推送/AndroidManifest.xml:109:13-35
	android:exported
		ADDED from Zoom/Jpush极光推送/AndroidManifest.xml:110:13-36
	android:name
		ADDED from Zoom/Jpush极光推送/AndroidManifest.xml:108:13-66
intent-filter#cn.jpush.android.intent.DaemonService+com.example.jpush
ADDED from Zoom/Jpush极光推送/AndroidManifest.xml:111:13-114:29
action#cn.jpush.android.intent.DaemonService
ADDED from Zoom/Jpush极光推送/AndroidManifest.xml:112:17-80
	android:name
		ADDED from Zoom/Jpush极光推送/AndroidManifest.xml:112:25-77
receiver#cn.jpush.android.service.PushReceiver
ADDED from Zoom/Jpush极光推送/AndroidManifest.xml:119:9-137:20
	android:enabled
		ADDED from Zoom/Jpush极光推送/AndroidManifest.xml:121:13-35
	android:name
		ADDED from Zoom/Jpush极光推送/AndroidManifest.xml:120:13-65
intent-filter#cn.jpush.android.intent.NOTIFICATION_RECEIVED_PROXY+com.example.jpush
ADDED from Zoom/Jpush极光推送/AndroidManifest.xml:122:13-125:29
	android:priority
		ADDED from Zoom/Jpush极光推送/AndroidManifest.xml:122:28-51
action#cn.jpush.android.intent.NOTIFICATION_RECEIVED_PROXY
ADDED from Zoom/Jpush极光推送/AndroidManifest.xml:123:17-94
	android:name
		ADDED from Zoom/Jpush极光推送/AndroidManifest.xml:123:25-91
intent-filter#android.intent.action.USER_PRESENT+android.net.conn.CONNECTIVITY_CHANGE
ADDED from Zoom/Jpush极光推送/AndroidManifest.xml:126:13-129:29
action#android.intent.action.USER_PRESENT
ADDED from Zoom/Jpush极光推送/AndroidManifest.xml:127:17-77
	android:name
		ADDED from Zoom/Jpush极光推送/AndroidManifest.xml:127:25-74
action#android.net.conn.CONNECTIVITY_CHANGE
ADDED from Zoom/Jpush极光推送/AndroidManifest.xml:128:17-79
	android:name
		ADDED from Zoom/Jpush极光推送/AndroidManifest.xml:128:25-76
intent-filter#android.intent.action.PACKAGE_ADDED+android.intent.action.PACKAGE_REMOVED
ADDED from Zoom/Jpush极光推送/AndroidManifest.xml:131:13-136:29
action#android.intent.action.PACKAGE_ADDED
ADDED from Zoom/Jpush极光推送/AndroidManifest.xml:132:17-78
	android:name
		ADDED from Zoom/Jpush极光推送/AndroidManifest.xml:132:25-75
action#android.intent.action.PACKAGE_REMOVED
ADDED from Zoom/Jpush极光推送/AndroidManifest.xml:133:17-80
	android:name
		ADDED from Zoom/Jpush极光推送/AndroidManifest.xml:133:25-77
data
ADDED from Zoom/Jpush极光推送/AndroidManifest.xml:135:17-50
	android:scheme
		ADDED from Zoom/Jpush极光推送/AndroidManifest.xml:135:23-47
receiver#cn.jpush.android.service.AlarmReceiver
ADDED from Zoom/Jpush极光推送/AndroidManifest.xml:140:9-99
	android:exported
		ADDED from Zoom/Jpush极光推送/AndroidManifest.xml:140:73-97
	android:name
		ADDED from Zoom/Jpush极光推送/AndroidManifest.xml:140:19-72
receiver#com.example.jpushdemo.MyReceiver
ADDED from Zoom/Jpush极光推送/AndroidManifest.xml:143:9-155:20
	android:enabled
		ADDED from Zoom/Jpush极光推送/AndroidManifest.xml:146:13-35
	android:exported
		ADDED from Zoom/Jpush极光推送/AndroidManifest.xml:145:13-37
	android:name
		ADDED from Zoom/Jpush极光推送/AndroidManifest.xml:144:13-60
intent-filter#cn.jpush.android.intent.CONNECTION+cn.jpush.android.intent.MESSAGE_RECEIVED+cn.jpush.android.intent.NOTIFICATION_OPENED+cn.jpush.android.intent.NOTIFICATION_RECEIVED+cn.jpush.android.intent.REGISTRATION+com.example.jpush
ADDED from Zoom/Jpush极光推送/AndroidManifest.xml:147:13-154:29
action#cn.jpush.android.intent.REGISTRATION
ADDED from Zoom/Jpush极光推送/AndroidManifest.xml:148:17-79
	android:name
		ADDED from Zoom/Jpush极光推送/AndroidManifest.xml:148:25-76
action#cn.jpush.android.intent.MESSAGE_RECEIVED
ADDED from Zoom/Jpush极光推送/AndroidManifest.xml:149:17-83
	android:name
		ADDED from Zoom/Jpush极光推送/AndroidManifest.xml:149:25-80
action#cn.jpush.android.intent.NOTIFICATION_RECEIVED
ADDED from Zoom/Jpush极光推送/AndroidManifest.xml:150:17-88
	android:name
		ADDED from Zoom/Jpush极光推送/AndroidManifest.xml:150:25-85
action#cn.jpush.android.intent.NOTIFICATION_OPENED
ADDED from Zoom/Jpush极光推送/AndroidManifest.xml:151:17-86
	android:name
		ADDED from Zoom/Jpush极光推送/AndroidManifest.xml:151:25-83
action#cn.jpush.android.intent.CONNECTION
ADDED from Zoom/Jpush极光推送/AndroidManifest.xml:152:17-77
	android:name
		ADDED from Zoom/Jpush极光推送/AndroidManifest.xml:152:25-74
meta-data#JPUSH_CHANNEL
ADDED from Zoom/Jpush极光推送/AndroidManifest.xml:158:9-84
	android:value
		ADDED from Zoom/Jpush极光推送/AndroidManifest.xml:158:49-82
	android:name
		ADDED from Zoom/Jpush极光推送/AndroidManifest.xml:158:20-48
meta-data#JPUSH_APPKEY
ADDED from Zoom/Jpush极光推送/AndroidManifest.xml:159:9-91
	android:value
		ADDED from Zoom/Jpush极光推送/AndroidManifest.xml:159:48-88
	android:name
		ADDED from Zoom/Jpush极光推送/AndroidManifest.xml:159:20-47